<?xml version="1.0" encoding="UTF-8"?>
<testng-results ignored="0" total="4" passed="4" failed="0" skipped="0">
  <reporter-output>
  </reporter-output>
  <suite started-at="2025-02-10T14:57:37 IST" name="Default suite" finished-at="2025-02-10T14:57:52 IST" duration-ms="14583">
    <groups>
    </groups>
    <test started-at="2025-02-10T14:57:37 IST" name="Default test" finished-at="2025-02-10T14:57:52 IST" duration-ms="14583">
      <class name="com.hc.datadriven.LoginCaseJXL">
        <test-method is-config="true" signature="setUp()[pri:0, instance:com.hc.datadriven.LoginCaseJXL@384ad17b]" started-at="2025-02-10T14:57:37 IST" name="setUp" finished-at="2025-02-10T14:57:41 IST" duration-ms="4041" status="PASS">
          <reporter-output>
          </reporter-output>
        </test-method> <!-- setUp -->
        <test-method signature="login(java.lang.String,java.lang.String)[pri:0, instance:com.hc.datadriven.LoginCaseJXL@384ad17b]" started-at="2025-02-10T14:57:41 IST" name="login" data-provider="loginCred" finished-at="2025-02-10T14:57:45 IST" duration-ms="3933" status="PASS">
          <params>
            <param index="0">
              <value>
                <![CDATA[admin]]>
              </value>
            </param>
            <param index="1">
              <value>
                <![CDATA[admin]]>
              </value>
            </param>
          </params>
          <reporter-output>
          </reporter-output>
        </test-method> <!-- login -->
        <test-method signature="login(java.lang.String,java.lang.String)[pri:0, instance:com.hc.datadriven.LoginCaseJXL@384ad17b]" started-at="2025-02-10T14:57:45 IST" name="login" data-provider="loginCred" finished-at="2025-02-10T14:57:48 IST" duration-ms="2575" status="PASS">
          <params>
            <param index="0">
              <value>
                <![CDATA[Admin]]>
              </value>
            </param>
            <param index="1">
              <value>
                <![CDATA[admin]]>
              </value>
            </param>
          </params>
          <reporter-output>
          </reporter-output>
        </test-method> <!-- login -->
        <test-method signature="login(java.lang.String,java.lang.String)[pri:0, instance:com.hc.datadriven.LoginCaseJXL@384ad17b]" started-at="2025-02-10T14:57:48 IST" name="login" data-provider="loginCred" finished-at="2025-02-10T14:57:51 IST" duration-ms="2770" status="PASS">
          <params>
            <param index="0">
              <value>
                <![CDATA[admins]]>
              </value>
            </param>
            <param index="1">
              <value>
                <![CDATA[admin123]]>
              </value>
            </param>
          </params>
          <reporter-output>
          </reporter-output>
        </test-method> <!-- login -->
        <test-method signature="login(java.lang.String,java.lang.String)[pri:0, instance:com.hc.datadriven.LoginCaseJXL@384ad17b]" started-at="2025-02-10T14:57:51 IST" name="login" data-provider="loginCred" finished-at="2025-02-10T14:57:52 IST" duration-ms="1006" status="PASS">
          <params>
            <param index="0">
              <value>
                <![CDATA[Admin]]>
              </value>
            </param>
            <param index="1">
              <value>
                <![CDATA[admin123]]>
              </value>
            </param>
          </params>
          <reporter-output>
          </reporter-output>
        </test-method> <!-- login -->
        <test-method is-config="true" signature="tearDown()[pri:0, instance:com.hc.datadriven.LoginCaseJXL@384ad17b]" started-at="2025-02-10T14:57:52 IST" name="tearDown" finished-at="2025-02-10T14:57:52 IST" duration-ms="97" status="PASS">
          <reporter-output>
          </reporter-output>
        </test-method> <!-- tearDown -->
      </class> <!-- com.hc.datadriven.LoginCaseJXL -->
    </test> <!-- Default test -->
  </suite> <!-- Default suite -->
</testng-results>
