<?xml version="1.0" encoding="UTF-8"?>
<!-- Generated by org.testng.reporters.JUnitXMLReporter -->
<testsuite ignored="0" hostname="monkey" failures="0" tests="4" name="Default test" time="14.583" errors="0" timestamp="2025-02-10T14:57:52 IST">
  <testcase classname="com.hc.datadriven.LoginCaseJXL" name="login" time="3.933"/>
  <testcase classname="com.hc.datadriven.LoginCaseJXL" name="login" time="2.575"/>
  <testcase classname="com.hc.datadriven.LoginCaseJXL" name="login" time="2.77"/>
  <testcase classname="com.hc.datadriven.LoginCaseJXL" name="login" time="1.006"/>
</testsuite> <!-- Default test -->
